<?xml version="1.0" encoding="UTF-8"?>
<testng-results skipped="0" failed="0" total="1" passed="1">
  <reporter-output>
  </reporter-output>
  <suite name="Default suite" duration-ms="14282" started-at="2021-02-04T00:49:11Z" finished-at="2021-02-04T00:49:25Z">
    <groups>
    </groups>
    <test name="Default test" duration-ms="14282" started-at="2021-02-04T00:49:11Z" finished-at="2021-02-04T00:49:25Z">
      <class name="PageFactory.Test99GuruLoginWithPageFactory">
        <test-method status="PASS" signature="setup()[pri:0, instance:PageFactory.Test99GuruLoginWithPageFactory@77b52d12]" name="setup" is-config="true" duration-ms="13017" started-at="2021-02-03T21:49:11Z" finished-at="2021-02-03T21:49:24Z">
          <reporter-output>
          </reporter-output>
        </test-method> <!-- setup -->
        <test-method status="PASS" signature="test_Home_Page_Appear_Correct()[pri:0, instance:PageFactory.Test99GuruLoginWithPageFactory@77b52d12]" name="test_Home_Page_Appear_Correct" duration-ms="1247" started-at="2021-02-03T21:49:24Z" finished-at="2021-02-03T21:49:25Z">
          <reporter-output>
          </reporter-output>
        </test-method> <!-- test_Home_Page_Appear_Correct -->
      </class> <!-- PageFactory.Test99GuruLoginWithPageFactory -->
    </test> <!-- Default test -->
  </suite> <!-- Default suite -->
</testng-results>
